This is pdfTeX, Version 3.14159265-2.6-1.40.20 (TeX Live 2019) (preloaded format=pdfetex 2019.5.8)  19 MAR 2021 23:42
entering extended mode
 restricted \write18 enabled.
 file:line:error style messages enabled.
 %&-line parsing enabled.
**\nonstopmode \input /Users/jeff/working/tellab2/doc/sysadmin/sysadmin_manual.
texi
(/Users/jeff/working/tellab2/doc/sysadmin/sysadmin_manual.texi
(/usr/local/texlive/2019/texmf-dist/tex/texinfo/texinfo.tex
Loading texinfo [version 2019-04-12.13]:
\outerhsize=\dimen16
\outervsize=\dimen17
\topandbottommargin=\dimen18
\bindingoffset=\dimen19
\normaloffset=\dimen20
\txipagewidth=\dimen21
\txipageheight=\dimen22
\defaultoutput=\toks13
\headlinebox=\box16
\footlinebox=\box17
\savedtopmark=\toks14
\margin=\insert252
\EMsimple=\toks15
\groupbox=\box18
\groupinvalidhelp=\toks16
\mil=\dimen23
\exdentamount=\skip18
\inmarginspacing=\skip19
\centerpenalty=\count27
 pdf,
\tempnum=\count28
\lnkcount=\count29
\filename=\toks17
\filenamelength=\count30
\pgn=\count31
\toksA=\toks18
\toksB=\toks19
\toksC=\toks20
\toksD=\toks21
\boxA=\box19
\boxB=\box20
\countA=\count32
\nopdfimagehelp=\toks22
 fonts,
\textleading=\dimen24
\sffam=\fam8
 markup,
\fontdepth=\count33
 glyphs,
\errorbox=\box21

page headings,
\titlepagetopglue=\skip20
\titlepagebottomglue=\skip21
\evenheadline=\toks23
\oddheadline=\toks24
\evenfootline=\toks25
\oddfootline=\toks26
 tables,
\tableindent=\dimen25
\itemindent=\dimen26
\itemmargin=\dimen27
\itemmax=\dimen28
\itemno=\count34
\multitableparskip=\skip22
\multitableparindent=\skip23
\multitablecolspace=\dimen29
\multitablelinespace=\skip24
\colcount=\count35
\everytab=\toks27
 conditionals,
\doignorecount=\count36
 indexing,
\dummybox=\box22
\whatsitskip=\skip25
\whatsitpenalty=\count37
\entryrightmargin=\dimen30
\thinshrinkable=\skip26
\partialpage=\box23
\doublecolumnhsize=\dimen31
\balancedcolumns=\box24
 sectioning,
\unnumberedno=\count38
\chapno=\count39
\secno=\count40
\subsecno=\count41
\subsubsecno=\count42
\appendixno=\count43
\absseclevel=\count44
\secbase=\count45
\chapheadingskip=\skip27
\secheadingskip=\skip28
\subsecheadingskip=\skip29
 toc,
\tocfile=\write0
\contentsrightmargin=\skip30
\savepageno=\count46
\lastnegativepageno=\count47
\tocindent=\dimen32
 environments,
\lispnarrowing=\skip31
\envskipamount=\skip32
\lskip=\skip33
\rskip=\skip34
\circthick=\dimen33
\cartouter=\dimen34
\cartinner=\dimen35
\normbskip=\skip35
\normpskip=\skip36
\normlskip=\skip37
\nonfillparindent=\dimen36
\tabw=\dimen37
\verbbox=\box25

defuns,
\defbodyindent=\skip38
\defargsindent=\skip39
\deflastargmargin=\skip40
\defunpenalty=\count48
\parencount=\count49
\brackcount=\count50
 macros,
\paramno=\count51
\macname=\toks28
 cross references,
\auxfile=\write1
\savesfregister=\count52
\toprefbox=\box26
\printedrefnamebox=\box27
\infofilenamebox=\box28
\printedmanualbox=\box29
 insertions,
\footnoteno=\count53
\SAVEfootins=\box30
\SAVEmargin=\box31

(/usr/local/texlive/2019/texmf-dist/tex/generic/epsf/epsf.tex
This is `epsf.tex' v2.7.4 <14 February 2011>
\epsffilein=\read1
\epsfframemargin=\dimen38
\epsfframethickness=\dimen39
\epsfrsize=\dimen40
\epsftmp=\dimen41
\epsftsize=\dimen42
\epsfxsize=\dimen43
\epsfysize=\dimen44
\pspoints=\dimen45
)
\noepsfhelp=\toks29
 localization,
\nolanghelp=\toks30
\countUTFx=\count54
\countUTFy=\count55
\countUTFz=\count56
 formatting,
\defaultparindent=\dimen46
 and turning on texinfo input format.)
texinfo.tex: doing @include of version.texi


(/Users/jeff/working/tellab2/doc/sysadmin/version.texi) [1{/usr/local/texlive/2
019/texmf-var/fonts/map/pdftex/updmap/pdftex.map}]
texinfo.tex: doing @include of COPYING


(/Users/jeff/working/tellab2/doc/sysadmin/COPYING) [2] (./sysadmin_manual.toc
[-1]) [-2] (./sysadmin_manual.toc) (./sysadmin_manual.toc) Chapter 1
\openout0 = `sysadmin_manual.toc'.


(./sysadmin_manual.aux)
\openout1 = `sysadmin_manual.aux'.

@cpindfile=@write2
\openout2 = `sysadmin_manual.cp'.


Writing index file sysadmin_manual.cp
Chapter 2 [1] [2] [3] [4] [5] [6] Chapter 3 [7] Chapter 4 [8] Chapter 5
[9] Chapter 6 [10] Chapter 7 [11] Chapter 8 [12] Chapter 9 [13] Chapter 10
[14] Chapter 11 [15] (QuIPindex) [16]
/Users/jeff/working/tellab2/doc/sysadmin/sysadmin_manual.texi:761: ERROR: A sor
ted index file in an obsolete format was skipped. To fix this problem, please u
pgrade your version of 'texi2dvi' or 'texi2pdf' to that at <https://ftp.gnu.org
/gnu/texinfo>. If you are using an old version of 'texindex' (part of the Texin
fo distribution), you may also need to upgrade to a newer version (at least 6.0
). You may be able to typeset the index if you run 'texindex sysadmin_manual.cp
' yourself. You could also try setting the 'txiindexescapeisbackslash' flag by 
running a command like 'texi2dvi -t "@set txiindexescapeisbackslash" sysadmin_m
anual.texi'. If you do this, Texinfo will try to use index files in the old for
mat. If you continue to have problems, deleting the index files and starting ag
ain might help (with 'rm sysadmin_manual.?? sysadmin_manual.??s').
@printindexzz ...'rm @jobname .?? @jobname .??s')}
                                                  @else (Skipped sorted inde...

@\printindex ...z @thisline @relax @relax @finish 
                                                  @fi @fi @closein 1 @endgroup 
l.761 @printindex cp
                    
This error message was generated by an \errmessage
command, so I can't give any explicit help.
Pretend that you're Hercule Poirot: Examine all clues,
and deduce the truth by order and method.

[17] ) 
Here is how much of TeX's memory you used:
 3453 strings out of 494647
 37444 string characters out of 6148475
 79462 words of memory out of 5000000
 4900 multiletter control sequences out of 15000+600000
 34203 words of font info for 119 fonts, out of 8000000 for 9000
 1453 hyphenation exceptions out of 8191
 14i,5n,16p,377b,590s stack positions out of 5000i,500n,10000p,200000b,80000s
</usr/local/texlive/2019/texmf-dist/fonts/type1/public/amsfonts/cm/cmbx12
.pfb></usr/local/texlive/2019/texmf-dist/fonts/type1/public/amsfonts/cm/cmmi10.
pfb></usr/local/texlive/2019/texmf-dist/fonts/type1/public/amsfonts/cm/cmmi12.p
fb></usr/local/texlive/2019/texmf-dist/fonts/type1/public/amsfonts/cm/cmr10.pfb
></usr/local/texlive/2019/texmf-dist/fonts/type1/public/amsfonts/cm/cmsltt10.pf
b></usr/local/texlive/2019/texmf-dist/fonts/type1/public/amsfonts/cm/cmsy10.pfb
></usr/local/texlive/2019/texmf-dist/fonts/type1/public/amsfonts/cm/cmtt10.pfb>

Output written on sysadmin_manual.pdf (21 pages, 130542 bytes).
PDF statistics:
 402 PDF objects out of 1000 (max. 8388607)
 365 compressed objects within 4 object streams
 71 named destinations out of 1000 (max. 500000)
 429 words of extra memory for PDF output out of 10000 (max. 10000000)

